Nov 24, 2018 2:18:58 AM org.apache.catalina.startup.VersionLoggerListener log
INFORMATION: Server version:        Apache Tomcat (TomEE)/7.0.81 (1.7.5)
Nov 24, 2018 2:18:58 AM org.apache.catalina.startup.VersionLoggerListener log
INFORMATION: Server built:          Aug 11 2017 10:21:27 UTC
Nov 24, 2018 2:18:58 AM org.apache.catalina.startup.VersionLoggerListener log
INFORMATION: Server number:         7.0.81.0
Nov 24, 2018 2:18:58 AM org.apache.catalina.startup.VersionLoggerListener log
INFORMATION: OS Name:               Windows 10
Nov 24, 2018 2:18:58 AM org.apache.catalina.startup.VersionLoggerListener log
INFORMATION: OS Version:            10.0
Nov 24, 2018 2:18:58 AM org.apache.catalina.startup.VersionLoggerListener log
INFORMATION: Architecture:          amd64
Nov 24, 2018 2:18:58 AM org.apache.catalina.startup.VersionLoggerListener log
INFORMATION: Java Home:             C:\Program Files\Java\jdk1.8.0_191\jre
Nov 24, 2018 2:18:58 AM org.apache.catalina.startup.VersionLoggerListener log
INFORMATION: JVM Version:           1.8.0_191-b12
Nov 24, 2018 2:18:58 AM org.apache.catalina.startup.VersionLoggerListener log
INFORMATION: JVM Vendor:            Oracle Corporation
Nov 24, 2018 2:18:58 AM org.apache.catalina.startup.VersionLoggerListener log
INFORMATION: CATALINA_BASE:         C:\opensap\address-manager\application\target\apache-tomee
Nov 24, 2018 2:18:58 AM org.apache.catalina.startup.VersionLoggerListener log
INFORMATION: CATALINA_HOME:         C:\opensap\address-manager\application\target\apache-tomee
Nov 24, 2018 2:18:58 AM org.apache.catalina.startup.VersionLoggerListener log
INFORMATION: Command line argument: -XX:+HeapDumpOnOutOfMemoryError
Nov 24, 2018 2:18:58 AM org.apache.catalina.startup.VersionLoggerListener log
INFORMATION: Command line argument: -Dorg.apache.catalina.STRICT_SERVLET_COMPLIANCE=false
Nov 24, 2018 2:18:58 AM org.apache.catalina.startup.VersionLoggerListener log
INFORMATION: Command line argument: -Dopenejb.session.manager=org.apache.tomee.catalina.session.QuickSessionManager
Nov 24, 2018 2:18:58 AM org.apache.catalina.startup.VersionLoggerListener log
INFORMATION: Command line argument: -Dtomee.remote.support=true
Nov 24, 2018 2:18:58 AM org.apache.catalina.startup.VersionLoggerListener log
INFORMATION: Command line argument: -Dopenejb.system.apps=false
Nov 24, 2018 2:18:58 AM org.apache.catalina.startup.VersionLoggerListener log
INFORMATION: Command line argument: -Djava.util.logging.config.file=C:\opensap\address-manager\application\target\apache-tomee\conf\logging.properties
Nov 24, 2018 2:18:58 AM org.apache.catalina.startup.VersionLoggerListener log
INFORMATION: Command line argument: -javaagent:C:\opensap\address-manager\application\target\apache-tomee\lib\openejb-javaagent.jar
Nov 24, 2018 2:18:58 AM org.apache.catalina.startup.VersionLoggerListener log
INFORMATION: Command line argument: -Djava.util.logging.manager=org.apache.juli.ClassLoaderLogManager
Nov 24, 2018 2:18:58 AM org.apache.catalina.startup.VersionLoggerListener log
INFORMATION: Command line argument: -Djava.io.tmpdir=C:\opensap\address-manager\application\target\apache-tomee\temp
Nov 24, 2018 2:18:58 AM org.apache.catalina.startup.VersionLoggerListener log
INFORMATION: Command line argument: -Djava.endorsed.dirs=C:\opensap\address-manager\application\target\apache-tomee\endorsed
Nov 24, 2018 2:18:58 AM org.apache.catalina.startup.VersionLoggerListener log
INFORMATION: Command line argument: -Dcatalina.base=C:\opensap\address-manager\application\target\apache-tomee
Nov 24, 2018 2:18:58 AM org.apache.catalina.startup.VersionLoggerListener log
INFORMATION: Command line argument: -Dcatalina.home=C:\opensap\address-manager\application\target\apache-tomee
Nov 24, 2018 2:18:58 AM org.apache.catalina.startup.VersionLoggerListener log
INFORMATION: Command line argument: -Dcatalina.ext.dirs=C:\opensap\address-manager\application\target\apache-tomee\lib
Nov 24, 2018 2:18:58 AM org.apache.catalina.startup.VersionLoggerListener log
INFORMATION: Command line argument: -Dorg.apache.tomcat.util.http.ServerCookie.ALLOW_HTTP_SEPARATORS_IN_V0=true
Nov 24, 2018 2:18:58 AM org.apache.catalina.startup.VersionLoggerListener log
INFORMATION: Command line argument: -ea
Nov 24, 2018 2:18:58 AM org.apache.catalina.core.AprLifecycleListener lifecycleEvent
INFORMATION: The APR based Apache Tomcat Native library which allows optimal performance in production environments was not found on the java.library.path: C:\Program Files\Java\jdk1.8.0_191\jre\bin;C:\WINDOWS\Sun\Java\bin;C:\WINDOWS\system32;C:\WINDOWS;C:\Program Files (x86)\Intel\iCLS Client\;C:\Program Files\Intel\iCLS Client\;C:\windows\system32;C:\windows;C:\windows\System32\Wbem;C:\windows\System32\WindowsPowerShell\v1.0\;C:\Program Files (x86)\Intel\Intel(R) Management Engine Components\DAL;C:\Program Files\Intel\Intel(R) Management Engine Components\DAL;C:\Program Files (x86)\Intel\Intel(R) Management Engine Components\IPT;C:\Program Files\Intel\Intel(R) Management Engine Components\IPT;C:\Program Files (x86)\NVIDIA Corporation\PhysX\Common;C:\WINDOWS\system32;C:\WINDOWS;C:\WINDOWS\System32\Wbem;C:\WINDOWS\System32\WindowsPowerShell\v1.0\;C:\WINDOWS\System32\OpenSSH\;C:\Program Files\Intel\WiFi\bin\;C:\Program Files\Common Files\Intel\WirelessCommon\;C:\ProgramData\chocolatey\bin;C:\Program Files\Java\jdk1.8.0_191\bin;C:\Program Files\Git\cmd;C:\Program Files\Cloud Foundry;C:\Users\kaest\AppData\Local\Microsoft\WindowsApps;;.
Nov 24, 2018 2:18:58 AM org.apache.coyote.AbstractProtocol init
INFORMATION: Initializing ProtocolHandler ["http-bio-8080"]
Nov 24, 2018 2:18:58 AM org.apache.coyote.AbstractProtocol init
INFORMATION: Initializing ProtocolHandler ["ajp-bio-8009"]
Nov 24, 2018 2:18:58 AM org.apache.openejb.util.OptionsLog info
INFORMATION: Using 'tomee.remote.support=true'
Nov 24, 2018 2:18:58 AM org.apache.openejb.util.OptionsLog info
INFORMATION: Using 'openejb.jdbc.datasource-creator=org.apache.tomee.jdbc.TomEEDataSourceCreator'
Nov 24, 2018 2:18:59 AM org.apache.openejb.OpenEJB$Instance <init>
INFORMATION: ********************************************************************************
Nov 24, 2018 2:18:59 AM org.apache.openejb.OpenEJB$Instance <init>
INFORMATION: OpenEJB http://tomee.apache.org/
Nov 24, 2018 2:18:59 AM org.apache.openejb.OpenEJB$Instance <init>
INFORMATION: Startup: Sat Nov 24 02:18:59 CET 2018
Nov 24, 2018 2:18:59 AM org.apache.openejb.OpenEJB$Instance <init>
INFORMATION: Copyright 1999-2015 (C) Apache OpenEJB/TomEE Project, All Rights Reserved.
Nov 24, 2018 2:18:59 AM org.apache.openejb.OpenEJB$Instance <init>
INFORMATION: Version: 4.7.5
Nov 24, 2018 2:18:59 AM org.apache.openejb.OpenEJB$Instance <init>
INFORMATION: Build date: 20170927
Nov 24, 2018 2:18:59 AM org.apache.openejb.OpenEJB$Instance <init>
INFORMATION: Build time: 12:02
Nov 24, 2018 2:18:59 AM org.apache.openejb.OpenEJB$Instance <init>
INFORMATION: ********************************************************************************
Nov 24, 2018 2:18:59 AM org.apache.openejb.OpenEJB$Instance <init>
INFORMATION: openejb.home = C:\opensap\address-manager\application\target\apache-tomee
Nov 24, 2018 2:18:59 AM org.apache.openejb.OpenEJB$Instance <init>
INFORMATION: openejb.base = C:\opensap\address-manager\application\target\apache-tomee
Nov 24, 2018 2:18:59 AM org.apache.openejb.cdi.CdiBuilder initializeOWB
INFORMATION: Created new singletonService org.apache.openejb.cdi.ThreadSingletonServiceImpl@60438a68
Nov 24, 2018 2:18:59 AM org.apache.openejb.cdi.CdiBuilder initializeOWB
INFORMATION: Succeeded in installing singleton service
Nov 24, 2018 2:18:59 AM org.apache.openejb.config.ConfigurationFactory init
INFORMATION: openejb configuration file is 'C:\opensap\address-manager\application\target\apache-tomee\conf\tomee.xml'
Nov 24, 2018 2:18:59 AM org.apache.openejb.config.ConfigurationFactory configureService
INFORMATION: Configuring Service(id=Tomcat Security Service, type=SecurityService, provider-id=Tomcat Security Service)
Nov 24, 2018 2:18:59 AM org.apache.openejb.config.ConfigurationFactory configureService
INFORMATION: Configuring Service(id=Default Transaction Manager, type=TransactionManager, provider-id=Default Transaction Manager)
Nov 24, 2018 2:18:59 AM org.apache.openejb.util.OptionsLog info
INFORMATION: Using 'openejb.system.apps=false'
Nov 24, 2018 2:18:59 AM org.apache.openejb.util.OptionsLog info
INFORMATION: Using 'openejb.deployments.classpath=false'
Nov 24, 2018 2:18:59 AM org.apache.openejb.assembler.classic.Assembler createRecipe
INFORMATION: Creating TransactionManager(id=Default Transaction Manager)
Nov 24, 2018 2:18:59 AM org.apache.openejb.assembler.classic.Assembler createRecipe
INFORMATION: Creating SecurityService(id=Tomcat Security Service)
Nov 24, 2018 2:18:59 AM org.apache.openejb.server.ServiceManager initServer
INFORMATION: Creating ServerService(id=cxf-rs)
Nov 24, 2018 2:18:59 AM org.apache.openejb.server.SimpleServiceManager start
INFORMATION:   ** Bound Services **
Nov 24, 2018 2:18:59 AM org.apache.openejb.server.SimpleServiceManager printRow
INFORMATION:   NAME                 IP              PORT  
Nov 24, 2018 2:18:59 AM org.apache.openejb.server.SimpleServiceManager start
INFORMATION: -------
Nov 24, 2018 2:18:59 AM org.apache.openejb.server.SimpleServiceManager start
INFORMATION: Ready!
Nov 24, 2018 2:18:59 AM org.apache.catalina.startup.Catalina load
INFORMATION: Initialization processed in 2174 ms
Nov 24, 2018 2:18:59 AM org.apache.tomee.catalina.OpenEJBNamingContextListener bindResource
INFORMATION: Importing a Tomcat Resource with id 'UserDatabase' of type 'org.apache.catalina.UserDatabase'.
Nov 24, 2018 2:18:59 AM org.apache.openejb.assembler.classic.Assembler createRecipe
INFORMATION: Creating Resource(id=UserDatabase)
Nov 24, 2018 2:18:59 AM org.apache.catalina.core.StandardService startInternal
INFORMATION: Starting service Catalina
Nov 24, 2018 2:18:59 AM org.apache.catalina.core.StandardEngine startInternal
INFORMATION: Starting Servlet Engine: Apache Tomcat (TomEE)/7.0.81 (1.7.5)
Nov 24, 2018 2:18:59 AM org.apache.catalina.startup.HostConfig deployWAR
INFORMATION: Deploying web application archive C:\opensap\address-manager\application\target\apache-tomee\webapps\ROOT.war
Nov 24, 2018 2:18:59 AM org.apache.tomee.catalina.TomcatWebAppBuilder init
INFORMATION: ------------------------- localhost -> /
Nov 24, 2018 2:18:59 AM org.apache.openejb.util.JarExtractor extract
INFORMATION: Extracting jar: C:\opensap\address-manager\application\target\apache-tomee\webapps\ROOT.war
Nov 24, 2018 2:19:00 AM org.apache.openejb.util.JarExtractor extract
INFORMATION: Extracted path: C:\opensap\address-manager\application\target\apache-tomee\webapps\ROOT
Nov 24, 2018 2:19:00 AM org.apache.openejb.util.OptionsLog info
INFORMATION: Using 'openejb.session.manager=org.apache.tomee.catalina.session.QuickSessionManager'
Nov 24, 2018 2:19:08 AM org.apache.openejb.config.ConfigurationFactory configureApplication
INFORMATION: Configuring enterprise application: C:\opensap\address-manager\application\target\apache-tomee\webapps\ROOT
Nov 24, 2018 2:19:08 AM org.apache.openejb.config.ConfigurationFactory configureService
INFORMATION: Configuring Service(id=Default Managed Container, type=Container, provider-id=Default Managed Container)
Nov 24, 2018 2:19:08 AM org.apache.openejb.config.AutoConfig createContainer
INFORMATION: Auto-creating a container for bean .Comp1284097891: Container(type=MANAGED, id=Default Managed Container)
Nov 24, 2018 2:19:08 AM org.apache.openejb.assembler.classic.Assembler createRecipe
INFORMATION: Creating Container(id=Default Managed Container)
Nov 24, 2018 2:19:08 AM org.apache.openejb.core.managed.SimplePassivater init
INFORMATION: Using directory C:\opensap\address-manager\application\target\apache-tomee\temp for stateful session passivation
Nov 24, 2018 2:19:08 AM org.apache.openejb.config.AppInfoBuilder build
INFORMATION: Enterprise application "C:\opensap\address-manager\application\target\apache-tomee\webapps\ROOT" loaded.
Nov 24, 2018 2:19:08 AM org.apache.openejb.assembler.classic.Assembler createApplication
INFORMATION: Assembling app: C:\opensap\address-manager\application\target\apache-tomee\webapps\ROOT
Nov 24, 2018 2:19:08 AM org.apache.openejb.cdi.CdiBuilder initSingleton
INFORMATION: Existing thread singleton service in SystemInstance(): org.apache.openejb.cdi.ThreadSingletonServiceImpl@60438a68
Nov 24, 2018 2:19:09 AM org.apache.openejb.cdi.OpenEJBLifecycle startApplication
INFORMATION: OpenWebBeans Container is starting...
Nov 24, 2018 2:19:09 AM org.apache.webbeans.plugins.PluginLoader startUp
INFORMATION: Adding OpenWebBeansPlugin : [CdiPlugin]
Nov 24, 2018 2:19:09 AM org.apache.webbeans.plugins.PluginLoader startUp
INFORMATION: Adding OpenWebBeansPlugin : [OpenWebBeansJsfPlugin]
Nov 24, 2018 2:19:15 AM org.apache.webbeans.config.BeansDeployer deploySingleAnnotatedType
INFORMATION: Skipping deployment of Class class com.sap.cloud.sdk.cloudplatform.auditlog.ScpCfAuditLogdue to a NoClassDefFoundError: com/sap/xs/audit/api/AuditLogMessage
Nov 24, 2018 2:19:18 AM org.apache.webbeans.config.BeansDeployer validateInjectionPoints
INFORMATION: All injection points were validated successfully.
Nov 24, 2018 2:19:18 AM org.apache.openejb.cdi.OpenEJBLifecycle startApplication
INFORMATION: OpenWebBeans Container has started, it took 9324 ms.
Nov 24, 2018 2:19:18 AM org.apache.openejb.assembler.classic.Assembler createApplication
INFORMATION: Deployed Application(path=C:\opensap\address-manager\application\target\apache-tomee\webapps\ROOT)
Nov 24, 2018 2:19:19 AM org.apache.catalina.startup.HostConfig deployWAR
INFORMATION: Deployment of web application archive C:\opensap\address-manager\application\target\apache-tomee\webapps\ROOT.war has finished in 20,207 ms
Nov 24, 2018 2:19:19 AM org.apache.coyote.AbstractProtocol start
INFORMATION: Starting ProtocolHandler ["http-bio-8080"]
Nov 24, 2018 2:19:19 AM org.apache.coyote.AbstractProtocol start
INFORMATION: Starting ProtocolHandler ["ajp-bio-8009"]
Nov 24, 2018 2:19:19 AM org.apache.catalina.startup.Catalina start
INFORMATION: Server startup in 20401 ms
